<?xml version="1.0" encoding="utf-8"?><testsuites name="pytest tests"><testsuite name="pytest" errors="0" failures="0" skipped="0" tests="29" time="10.237" timestamp="2026-02-19T12:49:31.091900+00:00" hostname="agent-env-5fe9a88e-e3d6-4156-8855-e16f3b35c55a"><testcase classname="backend.tests.test_guessit_api.TestHealthCheck" name="test_health_endpoint" time="0.151" /><testcase classname="backend.tests.test_guessit_api.TestHealthCheck" name="test_root_endpoint" time="0.101" /><testcase classname="backend.tests.test_guessit_api.TestFootballAPI" name="test_get_competitions" time="0.104" /><testcase classname="backend.tests.test_guessit_api.TestFootballAPI" name="test_get_matches" time="0.163" /><testcase classname="backend.tests.test_guessit_api.TestFootballAPI" name="test_get_live_matches" time="2.239" /><testcase classname="backend.tests.test_guessit_api.TestFootballAPI" name="test_get_today_matches" time="1.721" /><testcase classname="backend.tests.test_guessit_api.TestFootballAPI" name="test_get_upcoming_matches" time="1.649" /><testcase classname="backend.tests.test_guessit_api.TestFootballAPI" name="test_get_competition_matches" time="0.889" /><testcase classname="backend.tests.test_guessit_api.TestFootballAPI" name="test_search_matches" time="0.127" /><testcase classname="backend.tests.test_guessit_api.TestAuthentication" name="test_01_register_user" time="0.329" /><testcase classname="backend.tests.test_guessit_api.TestAuthentication" name="test_02_check_nickname_available" time="0.063" /><testcase classname="backend.tests.test_guessit_api.TestAuthentication" name="test_03_set_nickname" time="0.053" /><testcase classname="backend.tests.test_guessit_api.TestAuthentication" name="test_04_get_current_user" time="0.067" /><testcase classname="backend.tests.test_guessit_api.TestAuthentication" name="test_05_logout" time="0.053" /><testcase classname="backend.tests.test_guessit_api.TestAuthentication" name="test_06_login_after_logout" time="0.279" /><testcase classname="backend.tests.test_guessit_api.TestAuthentication" name="test_07_duplicate_registration_fails" time="0.104" /><testcase classname="backend.tests.test_guessit_api.TestAuthentication" name="test_08_invalid_login_fails" time="0.148" /><testcase classname="backend.tests.test_guessit_api.TestAuthentication" name="test_09_weak_password_fails" time="0.140" /><testcase classname="backend.tests.test_guessit_api.TestPredictions" name="test_01_create_prediction" time="0.538" /><testcase classname="backend.tests.test_guessit_api.TestPredictions" name="test_02_get_my_predictions" time="0.061" /><testcase classname="backend.tests.test_guessit_api.TestPredictions" name="test_03_get_detailed_predictions" time="0.063" /><testcase classname="backend.tests.test_guessit_api.TestPredictions" name="test_04_update_prediction" time="0.056" /><testcase classname="backend.tests.test_guessit_api.TestPredictions" name="test_05_delete_prediction" time="0.050" /><testcase classname="backend.tests.test_guessit_api.TestFavorites" name="test_01_add_favorite" time="0.395" /><testcase classname="backend.tests.test_guessit_api.TestFavorites" name="test_02_get_favorites" time="0.064" /><testcase classname="backend.tests.test_guessit_api.TestFavorites" name="test_03_add_duplicate_favorite" time="0.052" /><testcase classname="backend.tests.test_guessit_api.TestFavorites" name="test_04_remove_favorite" time="0.066" /><testcase classname="backend.tests.test_guessit_api.TestFavorites" name="test_05_remove_nonexistent_favorite" time="0.060" /><testcase classname="backend.tests.test_guessit_api.TestExistingUserLogin" name="test_login_existing_user" time="0.341" /></testsuite></testsuites>