<?xml version="1.0" encoding="utf-8"?><testsuites name="pytest tests"><testsuite name="pytest" errors="0" failures="0" skipped="1" tests="15" time="8.043" timestamp="2026-02-19T21:40:26.555723+00:00" hostname="agent-env-810870e5-13cf-4dd3-84c6-37fb0c15888b"><testcase classname="backend.tests.test_notifications_api.TestNotificationEndpoints" name="test_get_notifications_returns_list" time="0.467" /><testcase classname="backend.tests.test_notifications_api.TestNotificationEndpoints" name="test_get_notifications_with_pagination" time="0.473" /><testcase classname="backend.tests.test_notifications_api.TestNotificationEndpoints" name="test_get_unread_count" time="0.416" /><testcase classname="backend.tests.test_notifications_api.TestNotificationEndpoints" name="test_mark_all_read" time="0.632" /><testcase classname="backend.tests.test_notifications_api.TestNotificationEndpoints" name="test_mark_single_notification_read" time="0.476" /><testcase classname="backend.tests.test_notifications_api.TestNotificationEndpoints" name="test_mark_invalid_notification_returns_404" time="0.497" /><testcase classname="backend.tests.test_notifications_api.TestSettingsEndpoints" name="test_get_preferences" time="0.408" /><testcase classname="backend.tests.test_notifications_api.TestSettingsEndpoints" name="test_toggle_online_visibility" time="0.791" /><testcase classname="backend.tests.test_notifications_api.TestSettingsEndpoints" name="test_toggle_notification_sound" time="0.618" /><testcase classname="backend.tests.test_notifications_api.TestSettingsEndpoints" name="test_get_online_visibility" time="0.484" /><testcase classname="backend.tests.test_notifications_api.TestSettingsEndpoints" name="test_get_notification_sound" time="0.622" /><testcase classname="backend.tests.test_notifications_api.TestFriendNotificationCreation" name="test_friend_request_creates_notification" time="0.812"><skipped type="pytest.skip" message="Users already friends">/app/backend/tests/test_notifications_api.py:231: Users already friends</skipped></testcase><testcase classname="backend.tests.test_notifications_api.TestAuthRequirements" name="test_notifications_require_auth" time="0.382" /><testcase classname="backend.tests.test_notifications_api.TestAuthRequirements" name="test_settings_require_auth" time="0.433" /><testcase classname="backend.tests.test_notifications_api.TestNotificationStructure" name="test_notification_has_required_fields" time="0.463" /></testsuite></testsuites>