<?xml version="1.0" encoding="utf-8"?><testsuites name="pytest tests"><testsuite name="pytest" errors="0" failures="0" skipped="0" tests="12" time="20.682" timestamp="2026-02-19T22:16:48.818345+00:00" hostname="agent-env-810870e5-13cf-4dd3-84c6-37fb0c15888b"><testcase classname="backend.tests.test_phase5_features.TestEndedMatchesAPI" name="test_ended_matches_endpoint_exists" time="1.467" /><testcase classname="backend.tests.test_phase5_features.TestEndedMatchesAPI" name="test_ended_matches_returns_array" time="0.305" /><testcase classname="backend.tests.test_phase5_features.TestEndedMatchesAPI" name="test_ended_matches_have_finished_status" time="0.122" /><testcase classname="backend.tests.test_phase5_features.TestEndedMatchesAPI" name="test_ended_matches_have_scores" time="0.145" /><testcase classname="backend.tests.test_phase5_features.TestEndedMatchesAPI" name="test_ended_matches_have_team_info" time="0.122" /><testcase classname="backend.tests.test_phase5_features.TestEndedMatchesAPI" name="test_ended_matches_within_reasonable_window" time="0.119" /><testcase classname="backend.tests.test_phase5_features.TestEndedMatchesAPI" name="test_ended_matches_sorted_by_recent" time="0.130" /><testcase classname="backend.tests.test_phase5_features.TestEndedMatchesAPI" name="test_ended_matches_total_count" time="0.180" /><testcase classname="backend.tests.test_phase5_features.TestExistingEndpoints" name="test_matches_endpoint" time="1.938" /><testcase classname="backend.tests.test_phase5_features.TestExistingEndpoints" name="test_live_matches_endpoint" time="14.208" /><testcase classname="backend.tests.test_phase5_features.TestExistingEndpoints" name="test_today_matches_endpoint" time="1.739" /><testcase classname="backend.tests.test_phase5_features.TestExistingEndpoints" name="test_competitions_endpoint" time="0.148" /></testsuite></testsuites>