<?xml version="1.0" encoding="utf-8"?><testsuites name="pytest tests"><testsuite name="pytest" errors="0" failures="0" skipped="0" tests="29" time="21.078" timestamp="2026-02-19T12:36:00.101458+00:00" hostname="agent-env-5fe9a88e-e3d6-4156-8855-e16f3b35c55a"><testcase classname="tests.test_guessit_api.TestHealthCheck" name="test_health_endpoint" time="0.254" /><testcase classname="tests.test_guessit_api.TestHealthCheck" name="test_root_endpoint" time="0.122" /><testcase classname="tests.test_guessit_api.TestFootballAPI" name="test_get_competitions" time="0.146" /><testcase classname="tests.test_guessit_api.TestFootballAPI" name="test_get_matches" time="10.943" /><testcase classname="tests.test_guessit_api.TestFootballAPI" name="test_get_live_matches" time="2.254" /><testcase classname="tests.test_guessit_api.TestFootballAPI" name="test_get_today_matches" time="1.638" /><testcase classname="tests.test_guessit_api.TestFootballAPI" name="test_get_upcoming_matches" time="1.897" /><testcase classname="tests.test_guessit_api.TestFootballAPI" name="test_get_competition_matches" time="0.874" /><testcase classname="tests.test_guessit_api.TestFootballAPI" name="test_search_matches" time="0.161" /><testcase classname="tests.test_guessit_api.TestAuthentication" name="test_01_register_user" time="0.353" /><testcase classname="tests.test_guessit_api.TestAuthentication" name="test_02_check_nickname_available" time="0.048" /><testcase classname="tests.test_guessit_api.TestAuthentication" name="test_03_set_nickname" time="0.056" /><testcase classname="tests.test_guessit_api.TestAuthentication" name="test_04_get_current_user" time="0.056" /><testcase classname="tests.test_guessit_api.TestAuthentication" name="test_05_logout" time="0.056" /><testcase classname="tests.test_guessit_api.TestAuthentication" name="test_06_login_after_logout" time="0.282" /><testcase classname="tests.test_guessit_api.TestAuthentication" name="test_07_duplicate_registration_fails" time="0.109" /><testcase classname="tests.test_guessit_api.TestAuthentication" name="test_08_invalid_login_fails" time="0.113" /><testcase classname="tests.test_guessit_api.TestAuthentication" name="test_09_weak_password_fails" time="0.109" /><testcase classname="tests.test_guessit_api.TestPredictions" name="test_01_create_prediction" time="0.500" /><testcase classname="tests.test_guessit_api.TestPredictions" name="test_02_get_my_predictions" time="0.048" /><testcase classname="tests.test_guessit_api.TestPredictions" name="test_03_get_detailed_predictions" time="0.051" /><testcase classname="tests.test_guessit_api.TestPredictions" name="test_04_update_prediction" time="0.050" /><testcase classname="tests.test_guessit_api.TestPredictions" name="test_05_delete_prediction" time="0.067" /><testcase classname="tests.test_guessit_api.TestFavorites" name="test_01_add_favorite" time="0.406" /><testcase classname="tests.test_guessit_api.TestFavorites" name="test_02_get_favorites" time="0.049" /><testcase classname="tests.test_guessit_api.TestFavorites" name="test_03_add_duplicate_favorite" time="0.054" /><testcase classname="tests.test_guessit_api.TestFavorites" name="test_04_remove_favorite" time="0.056" /><testcase classname="tests.test_guessit_api.TestFavorites" name="test_05_remove_nonexistent_favorite" time="0.055" /><testcase classname="tests.test_guessit_api.TestExistingUserLogin" name="test_login_existing_user" time="0.106" /></testsuite></testsuites>