<?xml version="1.0" encoding="utf-8"?><testsuites name="pytest tests"><testsuite name="pytest" errors="0" failures="0" skipped="0" tests="21" time="4.527" timestamp="2026-05-03T18:02:27.682549+00:00" hostname="agent-env-9ac7110e-7dd3-4db9-80ce-6c620498d044"><testcase classname="backend.tests.test_api.TestHealthEndpoints" name="test_health_endpoint" time="0.133" /><testcase classname="backend.tests.test_api.TestHealthEndpoints" name="test_root_endpoint" time="0.110" /><testcase classname="backend.tests.test_api.TestAuthEndpoints" name="test_register_missing_confirm_password" time="0.156" /><testcase classname="backend.tests.test_api.TestAuthEndpoints" name="test_register_password_mismatch" time="0.120" /><testcase classname="backend.tests.test_api.TestAuthEndpoints" name="test_register_weak_password" time="0.112" /><testcase classname="backend.tests.test_api.TestAuthEndpoints" name="test_register_success" time="0.412" /><testcase classname="backend.tests.test_api.TestAuthEndpoints" name="test_register_duplicate_email" time="0.488" /><testcase classname="backend.tests.test_api.TestAuthEndpoints" name="test_login_success" time="0.357" /><testcase classname="backend.tests.test_api.TestAuthEndpoints" name="test_login_invalid_credentials" time="0.104" /><testcase classname="backend.tests.test_api.TestAuthEndpoints" name="test_login_wrong_password" time="0.336" /><testcase classname="backend.tests.test_api.TestAuthEndpoints" name="test_me_without_auth" time="0.115" /><testcase classname="backend.tests.test_api.TestAuthEndpoints" name="test_me_with_session" time="0.387" /><testcase classname="backend.tests.test_api.TestAuthEndpoints" name="test_logout" time="0.429" /><testcase classname="backend.tests.test_api.TestNicknameEndpoints" name="test_nickname_check_available" time="0.117" /><testcase classname="backend.tests.test_api.TestNicknameEndpoints" name="test_nickname_check_taken" time="0.103" /><testcase classname="backend.tests.test_api.TestNicknameEndpoints" name="test_nickname_check_too_short" time="0.128" /><testcase classname="backend.tests.test_api.TestNicknameEndpoints" name="test_nickname_check_invalid_chars" time="0.121" /><testcase classname="backend.tests.test_api.TestFootballEndpoints" name="test_matches_endpoint" time="0.366" /><testcase classname="backend.tests.test_api.TestFootballEndpoints" name="test_leaderboard_endpoint" time="0.125" /><testcase classname="backend.tests.test_api.TestFootballEndpoints" name="test_banners_endpoint" time="0.104" /><testcase classname="backend.tests.test_api.TestPublicEndpoints" name="test_news_endpoint" time="0.136" /></testsuite></testsuites>