<?xml version="1.0" encoding="utf-8"?><testsuites name="pytest tests"><testsuite name="pytest" errors="0" failures="0" skipped="0" tests="25" time="2.630" timestamp="2026-02-19T21:24:57.105478+00:00" hostname="agent-env-810870e5-13cf-4dd3-84c6-37fb0c15888b"><testcase classname="backend.tests.test_messaging_api.TestMessagesUnauthenticated" name="test_get_conversations_unauthenticated" time="0.234" /><testcase classname="backend.tests.test_messaging_api.TestMessagesUnauthenticated" name="test_get_unread_count_unauthenticated" time="0.055" /><testcase classname="backend.tests.test_messaging_api.TestMessagesUnauthenticated" name="test_send_message_unauthenticated" time="0.060" /><testcase classname="backend.tests.test_messaging_api.TestNotificationsUnauthenticated" name="test_get_notifications_unauthenticated" time="0.055" /><testcase classname="backend.tests.test_messaging_api.TestNotificationsUnauthenticated" name="test_get_notification_unread_unauthenticated" time="0.058" /><testcase classname="backend.tests.test_messaging_api.TestConversations" name="test_get_conversations" time="0.840" /><testcase classname="backend.tests.test_messaging_api.TestConversations" name="test_conversation_has_required_fields" time="0.068" /><testcase classname="backend.tests.test_messaging_api.TestChatHistory" name="test_get_chat_history" time="0.095" /><testcase classname="backend.tests.test_messaging_api.TestChatHistory" name="test_chat_history_with_non_friend" time="0.057" /><testcase classname="backend.tests.test_messaging_api.TestSendMessage" name="test_send_message_success" time="0.059" /><testcase classname="backend.tests.test_messaging_api.TestSendMessage" name="test_send_message_to_self" time="0.063" /><testcase classname="backend.tests.test_messaging_api.TestSendMessage" name="test_send_message_to_non_friend" time="0.057" /><testcase classname="backend.tests.test_messaging_api.TestSendMessage" name="test_send_empty_message" time="0.055" /><testcase classname="backend.tests.test_messaging_api.TestMarkRead" name="test_mark_messages_read" time="0.067" /><testcase classname="backend.tests.test_messaging_api.TestUnreadCount" name="test_get_unread_count" time="0.051" /><testcase classname="backend.tests.test_messaging_api.TestNotifications" name="test_get_notifications" time="0.064" /><testcase classname="backend.tests.test_messaging_api.TestNotifications" name="test_get_notification_unread_count" time="0.066" /><testcase classname="backend.tests.test_messaging_api.TestNotifications" name="test_mark_all_notifications_read" time="0.073" /><testcase classname="backend.tests.test_messaging_api.TestSettings" name="test_get_preferences" time="0.085" /><testcase classname="backend.tests.test_messaging_api.TestSettings" name="test_get_online_visibility" time="0.061" /><testcase classname="backend.tests.test_messaging_api.TestSettings" name="test_set_online_visibility" time="0.049" /><testcase classname="backend.tests.test_messaging_api.TestSettings" name="test_get_notification_sound" time="0.064" /><testcase classname="backend.tests.test_messaging_api.TestSettings" name="test_set_notification_sound" time="0.054" /><testcase classname="backend.tests.test_messaging_api.TestFriendProfile" name="test_get_friend_profile" time="0.069" /><testcase classname="backend.tests.test_messaging_api.TestFriendProfile" name="test_get_non_friend_profile" time="0.061" /></testsuite></testsuites>