<?xml version="1.0" encoding="utf-8"?><testsuites name="pytest tests"><testsuite name="pytest" errors="0" failures="0" skipped="1" tests="15" time="3.606" timestamp="2026-02-19T21:55:43.098726+00:00" hostname="agent-env-810870e5-13cf-4dd3-84c6-37fb0c15888b"><testcase classname="backend.tests.test_phase4_features.TestPhase4FriendProfile" name="test_get_friend_profile_success" time="0.891" /><testcase classname="backend.tests.test_phase4_features.TestPhase4FriendProfile" name="test_get_friend_profile_returns_correct_data" time="0.078" /><testcase classname="backend.tests.test_phase4_features.TestPhase4FriendProfile" name="test_get_friend_profile_403_for_non_friends" time="0.470" /><testcase classname="backend.tests.test_phase4_features.TestPhase4FriendProfile" name="test_get_friend_profile_401_without_auth" time="0.175" /><testcase classname="backend.tests.test_phase4_features.TestPhase4FriendProfile" name="test_get_friend_profile_404_invalid_user" time="0.181" /><testcase classname="backend.tests.test_phase4_features.TestPhase4FriendProfile" name="test_friend_profile_respects_online_visibility" time="0.162" /><testcase classname="backend.tests.test_phase4_features.TestPhase4FriendProfile" name="test_get_friends_list" time="0.077" /><testcase classname="backend.tests.test_phase4_features.TestPhase4FriendProfile" name="test_remove_friend_button_api_exists" time="0.060" /><testcase classname="backend.tests.test_phase4_features.TestPhase4FriendProfile" name="test_search_users_api" time="0.069" /><testcase classname="backend.tests.test_phase4_features.TestPhase4FriendProfile" name="test_search_users_min_chars" time="0.059" /><testcase classname="backend.tests.test_phase4_features.TestPhase4FriendProfile" name="test_messages_conversations_endpoint" time="0.122" /><testcase classname="backend.tests.test_phase4_features.TestPhase4FriendProfile" name="test_messages_chat_history_endpoint" time="0.068" /><testcase classname="backend.tests.test_phase4_features.TestPhase4SettingsIntegration" name="test_online_visibility_toggle" time="0.542" /><testcase classname="backend.tests.test_phase4_features.TestPhase4EdgeCases" name="test_self_profile_view" time="0.438"><skipped type="pytest.skip" message="Could not get user ID">/app/backend/tests/test_phase4_features.py:316: Could not get user ID</skipped></testcase><testcase classname="backend.tests.test_phase4_features.TestPhase4EdgeCases" name="test_friend_profile_prediction_stats" time="0.162" /></testsuite></testsuites>