<?xml version="1.0" encoding="utf-8"?><testsuites name="pytest tests"><testsuite name="pytest" errors="0" failures="0" skipped="0" tests="25" time="2.630" timestamp="2026-02-19T13:42:42.756946+00:00" hostname="agent-env-5fe9a88e-e3d6-4156-8855-e16f3b35c55a"><testcase classname="backend.tests.test_friends_api.TestFriendsAPIUnauthenticated" name="test_search_users_unauthenticated" time="0.220" /><testcase classname="backend.tests.test_friends_api.TestFriendsAPIUnauthenticated" name="test_get_friends_list_unauthenticated" time="0.051" /><testcase classname="backend.tests.test_friends_api.TestFriendsAPIUnauthenticated" name="test_get_pending_requests_unauthenticated" time="0.053" /><testcase classname="backend.tests.test_friends_api.TestFriendsAPIUnauthenticated" name="test_get_pending_count_unauthenticated" time="0.058" /><testcase classname="backend.tests.test_friends_api.TestFriendsAPIUnauthenticated" name="test_send_friend_request_unauthenticated" time="0.058" /><testcase classname="backend.tests.test_friends_api.TestSearchUsers" name="test_search_users_minimum_query" time="0.384" /><testcase classname="backend.tests.test_friends_api.TestSearchUsers" name="test_search_users_by_nickname" time="0.056" /><testcase classname="backend.tests.test_friends_api.TestSearchUsers" name="test_search_excludes_self" time="0.071" /><testcase classname="backend.tests.test_friends_api.TestSearchUsers" name="test_search_returns_status" time="0.055" /><testcase classname="backend.tests.test_friends_api.TestFriendsList" name="test_get_friends_list" time="0.081" /><testcase classname="backend.tests.test_friends_api.TestPendingRequests" name="test_get_pending_requests" time="0.052" /><testcase classname="backend.tests.test_friends_api.TestPendingRequests" name="test_get_pending_count" time="0.050" /><testcase classname="backend.tests.test_friends_api.TestSendFriendRequest" name="test_send_request_to_nonexistent_user" time="0.056" /><testcase classname="backend.tests.test_friends_api.TestSendFriendRequest" name="test_send_request_to_self" time="0.064" /><testcase classname="backend.tests.test_friends_api.TestSendFriendRequest" name="test_send_request_invalid_nickname" time="0.074" /><testcase classname="backend.tests.test_friends_api.TestFriendRequestActions" name="test_accept_nonexistent_request" time="0.060" /><testcase classname="backend.tests.test_friends_api.TestFriendRequestActions" name="test_decline_nonexistent_request" time="0.060" /><testcase classname="backend.tests.test_friends_api.TestFriendRequestActions" name="test_cancel_nonexistent_request" time="0.051" /><testcase classname="backend.tests.test_friends_api.TestRemoveFriend" name="test_remove_nonexistent_friendship" time="0.075" /><testcase classname="backend.tests.test_friends_api.TestExistingFriendship" name="test_check_existing_friendship" time="0.069" /><testcase classname="backend.tests.test_friends_api.TestExistingFriendship" name="test_send_request_to_existing_friend" time="0.114" /><testcase classname="backend.tests.test_friends_api.TestFriendRequestFlow" name="test_complete_friend_request_flow" time="0.491" /><testcase classname="backend.tests.test_friends_api.TestFriendDataStructure" name="test_friend_response_structure" time="0.066" /><testcase classname="backend.tests.test_friends_api.TestFriendDataStructure" name="test_pending_request_response_structure" time="0.054" /><testcase classname="backend.tests.test_friends_api.TestFriendDataStructure" name="test_search_result_structure" time="0.061" /></testsuite></testsuites>