<?xml version="1.0" encoding="utf-8"?><testsuites name="pytest tests"><testsuite name="pytest" errors="0" failures="0" skipped="0" tests="31" time="6.108" timestamp="2026-02-19T13:06:20.941077+00:00" hostname="agent-env-5fe9a88e-e3d6-4156-8855-e16f3b35c55a"><testcase classname="backend.tests.test_settings_api.TestSettingsAPIUnauthenticated" name="test_settings_profile_unauthenticated" time="0.298" /><testcase classname="backend.tests.test_settings_api.TestSettingsAPIUnauthenticated" name="test_email_change_unauthenticated" time="0.138" /><testcase classname="backend.tests.test_settings_api.TestSettingsAPIUnauthenticated" name="test_password_change_unauthenticated" time="0.160" /><testcase classname="backend.tests.test_settings_api.TestSettingsAPIUnauthenticated" name="test_nickname_change_unauthenticated" time="0.116" /><testcase classname="backend.tests.test_settings_api.TestSettingsAPIUnauthenticated" name="test_avatar_upload_unauthenticated" time="0.170" /><testcase classname="backend.tests.test_settings_api.TestSettingsAPIUnauthenticated" name="test_avatar_delete_unauthenticated" time="0.124" /><testcase classname="backend.tests.test_settings_api.TestSettingsAPIUnauthenticated" name="test_nickname_status_unauthenticated" time="0.157" /><testcase classname="backend.tests.test_settings_api.TestSettingsAPIAuthenticated" name="test_01_get_settings_profile" time="0.442" /><testcase classname="backend.tests.test_settings_api.TestSettingsAPIAuthenticated" name="test_02_get_nickname_status" time="0.059" /><testcase classname="backend.tests.test_settings_api.TestSettingsAPIAuthenticated" name="test_03_email_change_wrong_password" time="0.293" /><testcase classname="backend.tests.test_settings_api.TestSettingsAPIAuthenticated" name="test_04_email_change_same_email" time="0.310" /><testcase classname="backend.tests.test_settings_api.TestSettingsAPIAuthenticated" name="test_05_email_change_invalid_format" time="0.057" /><testcase classname="backend.tests.test_settings_api.TestSettingsAPIAuthenticated" name="test_06_password_change_wrong_current" time="0.307" /><testcase classname="backend.tests.test_settings_api.TestSettingsAPIAuthenticated" name="test_07_password_change_mismatch" time="0.047" /><testcase classname="backend.tests.test_settings_api.TestSettingsAPIAuthenticated" name="test_08_password_change_weak_password" time="0.203" /><testcase classname="backend.tests.test_settings_api.TestSettingsAPIAuthenticated" name="test_09_nickname_change_same_name" time="0.114" /><testcase classname="backend.tests.test_settings_api.TestSettingsAPIAuthenticated" name="test_10_nickname_change_invalid_format" time="0.332" /><testcase classname="backend.tests.test_settings_api.TestSettingsNewUser" name="test_01_register_new_user" time="0.340" /><testcase classname="backend.tests.test_settings_api.TestSettingsNewUser" name="test_02_set_initial_nickname" time="0.058" /><testcase classname="backend.tests.test_settings_api.TestSettingsNewUser" name="test_03_verify_can_change_nickname" time="0.065" /><testcase classname="backend.tests.test_settings_api.TestSettingsNewUser" name="test_04_change_nickname_one_time" time="0.064" /><testcase classname="backend.tests.test_settings_api.TestSettingsNewUser" name="test_05_cannot_change_nickname_again" time="0.057" /><testcase classname="backend.tests.test_settings_api.TestSettingsNewUser" name="test_06_verify_nickname_changed_flag" time="0.062" /><testcase classname="backend.tests.test_settings_api.TestSettingsNewUser" name="test_07_email_change_success" time="0.377" /><testcase classname="backend.tests.test_settings_api.TestSettingsNewUser" name="test_08_password_change_success" time="0.761" /><testcase classname="backend.tests.test_settings_api.TestSettingsNewUser" name="test_09_logout_and_login_with_new_password" time="0.060" /><testcase classname="backend.tests.test_settings_api.TestAvatarUpload" name="test_01_avatar_upload_invalid_type" time="0.504" /><testcase classname="backend.tests.test_settings_api.TestAvatarUpload" name="test_02_avatar_upload_valid_image" time="0.063" /><testcase classname="backend.tests.test_settings_api.TestAvatarUpload" name="test_03_verify_avatar_in_profile" time="0.062" /><testcase classname="backend.tests.test_settings_api.TestAvatarUpload" name="test_04_delete_avatar" time="0.063" /><testcase classname="backend.tests.test_settings_api.TestAvatarUpload" name="test_05_verify_avatar_removed" time="0.056" /></testsuite></testsuites>